06-May-2020 22:28:02.938 信息 [main] org.apache.catalina.startup.VersionLoggerListener.log Server.服务器版本:     Apache Tomcat/9.0.34
06-May-2020 22:28:02.953 信息 [main] org.apache.catalina.startup.VersionLoggerListener.log 服务器构建:            Apr 3 2020 12:02:52 UTC
06-May-2020 22:28:02.953 信息 [main] org.apache.catalina.startup.VersionLoggerListener.log 服务器版本号(：9.0.34.0
06-May-2020 22:28:02.953 信息 [main] org.apache.catalina.startup.VersionLoggerListener.log OS Name:               Windows 10
06-May-2020 22:28:02.953 信息 [main] org.apache.catalina.startup.VersionLoggerListener.log OS.版本:               10.0
06-May-2020 22:28:02.953 信息 [main] org.apache.catalina.startup.VersionLoggerListener.log 架构:                  amd64
06-May-2020 22:28:02.953 信息 [main] org.apache.catalina.startup.VersionLoggerListener.log Java 环境变量:         C:\Program Files\Java\jdk1.8.0_251\jre
06-May-2020 22:28:02.953 信息 [main] org.apache.catalina.startup.VersionLoggerListener.log JVM 版本:              1.8.0_251-b08
06-May-2020 22:28:02.953 信息 [main] org.apache.catalina.startup.VersionLoggerListener.log JVM.供应商:            Oracle Corporation
06-May-2020 22:28:02.953 信息 [main] org.apache.catalina.startup.VersionLoggerListener.log CATALINA_BASE：[D:\apache-tomcat-9.0.34]
06-May-2020 22:28:02.953 信息 [main] org.apache.catalina.startup.VersionLoggerListener.log CATALINA_HOME:         D:\apache-tomcat-9.0.34
06-May-2020 22:28:02.953 信息 [main] org.apache.catalina.startup.VersionLoggerListener.log 命令行参数：[-Djava.util.logging.config.file=D:\apache-tomcat-9.0.34\conf\logging.properties]
06-May-2020 22:28:02.953 信息 [main] org.apache.catalina.startup.VersionLoggerListener.log 命令行参数：[-Djava.util.logging.manager=org.apache.juli.ClassLoaderLogManager]
06-May-2020 22:28:02.953 信息 [main] org.apache.catalina.startup.VersionLoggerListener.log 命令行参数：[-Djdk.tls.ephemeralDHKeySize=2048]
06-May-2020 22:28:02.969 信息 [main] org.apache.catalina.startup.VersionLoggerListener.log 命令行参数：[-Djava.protocol.handler.pkgs=org.apache.catalina.webresources]
06-May-2020 22:28:02.985 信息 [main] org.apache.catalina.startup.VersionLoggerListener.log 命令行参数：[-Dignore.endorsed.dirs=]
06-May-2020 22:28:02.985 信息 [main] org.apache.catalina.startup.VersionLoggerListener.log 命令行参数：[-Dcatalina.base=D:\apache-tomcat-9.0.34]
06-May-2020 22:28:02.985 信息 [main] org.apache.catalina.startup.VersionLoggerListener.log 命令行参数：[-Dcatalina.home=D:\apache-tomcat-9.0.34]
06-May-2020 22:28:03.000 信息 [main] org.apache.catalina.startup.VersionLoggerListener.log 命令行参数：[-Djava.io.tmpdir=D:\apache-tomcat-9.0.34\temp]
06-May-2020 22:28:03.000 信息 [main] org.apache.catalina.core.AprLifecycleListener.lifecycleEvent The APR based Apache Tomcat Native library which allows optimal performance in production environments was not found on the java.library.path: [C:\Program Files\Java\jdk1.8.0_251\bin;C:\Windows\Sun\Java\bin;C:\Windows\system32;C:\Windows;C:\Program Files\Microsoft MPI\Bin\;C:\Program Files (x86)\Common Files\Oracle\Java\javapath;C:\Windows\system32;C:\Windows;C:\Windows\System32\Wbem;C:\Windows\System32\WindowsPowerShell\v1.0\;C:\Windows\System32\OpenSSH\;C:\Program Files (x86)\Microsoft SQL Server\130\DTS\Binn\;C:\Program Files\Microsoft SQL Server\130\DTS\Binn\;C:\Program Files\Microsoft SQL Server\Client SDK\ODBC\130\Tools\Binn\;C:\Program Files (x86)\Microsoft SQL Server\130\Tools\Binn\;C:\Program Files\Microsoft SQL Server\130\Tools\Binn\;"C:\Program Files\Java\jdk1.8.0_251\bin;C:\Program Files\Java\jdk1.8.0_251\jre\bin;D:\apache-tomcat-9.0.34\bin;D:\apache-tomcat-9.0.34\bin";C:\Users\29233\AppData\Local\Microsoft\WindowsApps;C:\AppServ\MySQL\bin;C:\Users\29233\AppData\Local\GitHubDesktop\bin;C:\ProgramData\29233\atom\bin;.]
06-May-2020 22:28:03.377 信息 [main] org.apache.coyote.AbstractProtocol.init 初始化协议处理器 ["http-nio-8080"]
06-May-2020 22:28:03.697 严重 [main] org.apache.catalina.util.LifecycleBase.handleSubClassException 初始化组件[Connector[HTTP/1.1-8080]]失败。
	org.apache.catalina.LifecycleException: Protocol handler initialization failed
		at org.apache.catalina.connector.Connector.initInternal(Connector.java:1041)
		at org.apache.catalina.util.LifecycleBase.init(LifecycleBase.java:136)
		at org.apache.catalina.core.StandardService.initInternal(StandardService.java:533)
		at org.apache.catalina.util.LifecycleBase.init(LifecycleBase.java:136)
		at org.apache.catalina.core.StandardServer.initInternal(StandardServer.java:1057)
		at org.apache.catalina.util.LifecycleBase.init(LifecycleBase.java:136)
		at org.apache.catalina.startup.Catalina.load(Catalina.java:584)
		at org.apache.catalina.startup.Catalina.load(Catalina.java:607)
		at sun.reflect.NativeMethodAccessorImpl.invoke0(Native Method)
		at sun.reflect.NativeMethodAccessorImpl.invoke(NativeMethodAccessorImpl.java:62)
		at sun.reflect.DelegatingMethodAccessorImpl.invoke(DelegatingMethodAccessorImpl.java:43)
		at java.lang.reflect.Method.invoke(Method.java:498)
		at org.apache.catalina.startup.Bootstrap.load(Bootstrap.java:303)
		at org.apache.catalina.startup.Bootstrap.main(Bootstrap.java:473)
	Caused by: java.net.BindException: Address already in use: bind
		at sun.nio.ch.Net.bind0(Native Method)
		at sun.nio.ch.Net.bind(Net.java:433)
		at sun.nio.ch.Net.bind(Net.java:425)
		at sun.nio.ch.ServerSocketChannelImpl.bind(ServerSocketChannelImpl.java:223)
		at sun.nio.ch.ServerSocketAdaptor.bind(ServerSocketAdaptor.java:74)
		at org.apache.tomcat.util.net.NioEndpoint.initServerSocket(NioEndpoint.java:228)
		at org.apache.tomcat.util.net.NioEndpoint.bind(NioEndpoint.java:211)
		at org.apache.tomcat.util.net.AbstractEndpoint.bindWithCleanup(AbstractEndpoint.java:1141)
		at org.apache.tomcat.util.net.AbstractEndpoint.init(AbstractEndpoint.java:1154)
		at org.apache.coyote.AbstractProtocol.init(AbstractProtocol.java:581)
		at org.apache.coyote.http11.AbstractHttp11Protocol.init(AbstractHttp11Protocol.java:74)
		at org.apache.catalina.connector.Connector.initInternal(Connector.java:1038)
		... 13 more
06-May-2020 22:28:03.712 信息 [main] org.apache.catalina.startup.Catalina.load 服务器在[1,044]毫秒内初始化
06-May-2020 22:28:03.743 信息 [main] org.apache.catalina.core.StandardService.startInternal Starting service [Catalina]
06-May-2020 22:28:03.759 信息 [main] org.apache.catalina.core.StandardEngine.startInternal 正在启动 Servlet 引擎：[Apache Tomcat/9.0.34]
06-May-2020 22:28:03.777 信息 [main] org.apache.catalina.startup.HostConfig.deployWAR Deploying web application archive [D:\apache-tomcat-9.0.34\webapps\unnamed.war]
06-May-2020 22:28:08.173 信息 [main] org.apache.jasper.servlet.TldScanner.scanJars 至少有一个JAR被扫描用于TLD但尚未包含TLD。 为此记录器启用调试日志记录，以获取已扫描但未在其中找到TLD的完整JAR列表。 在扫描期间跳过不需要的JAR可以缩短启动时间和JSP编译时间。
06-May-2020 22:28:10.725 信息 [main] org.apache.catalina.startup.HostConfig.deployWAR Deployment of web application archive [D:\apache-tomcat-9.0.34\webapps\unnamed.war] has finished in [6,948] ms
06-May-2020 22:28:10.725 信息 [main] org.apache.catalina.startup.HostConfig.deployDirectory 把web 应用程序部署到目录 [D:\apache-tomcat-9.0.34\webapps\docs]
06-May-2020 22:28:10.757 信息 [main] org.apache.catalina.startup.HostConfig.deployDirectory Deployment of web application directory [D:\apache-tomcat-9.0.34\webapps\docs] has finished in [32] ms
06-May-2020 22:28:10.757 信息 [main] org.apache.catalina.startup.HostConfig.deployDirectory 把web 应用程序部署到目录 [D:\apache-tomcat-9.0.34\webapps\examples]
06-May-2020 22:28:11.053 信息 [main] org.apache.catalina.startup.HostConfig.deployDirectory Deployment of web application directory [D:\apache-tomcat-9.0.34\webapps\examples] has finished in [296] ms
06-May-2020 22:28:11.053 信息 [main] org.apache.catalina.startup.HostConfig.deployDirectory 把web 应用程序部署到目录 [D:\apache-tomcat-9.0.34\webapps\host-manager]
06-May-2020 22:28:11.100 信息 [main] org.apache.catalina.startup.HostConfig.deployDirectory Deployment of web application directory [D:\apache-tomcat-9.0.34\webapps\host-manager] has finished in [47] ms
06-May-2020 22:28:11.100 信息 [main] org.apache.catalina.startup.HostConfig.deployDirectory 把web 应用程序部署到目录 [D:\apache-tomcat-9.0.34\webapps\manager]
06-May-2020 22:28:11.131 信息 [main] org.apache.catalina.startup.HostConfig.deployDirectory Deployment of web application directory [D:\apache-tomcat-9.0.34\webapps\manager] has finished in [31] ms
06-May-2020 22:28:11.131 信息 [main] org.apache.catalina.startup.HostConfig.deployDirectory 把web 应用程序部署到目录 [D:\apache-tomcat-9.0.34\webapps\ROOT]
06-May-2020 22:28:11.162 信息 [main] org.apache.catalina.startup.HostConfig.deployDirectory Deployment of web application directory [D:\apache-tomcat-9.0.34\webapps\ROOT] has finished in [31] ms
06-May-2020 22:28:11.178 信息 [main] org.apache.catalina.startup.Catalina.start Server startup in [7,468] milliseconds
06-May-2020 22:28:11.178 严重 [main] org.apache.catalina.core.StandardServer.await Failed to create server shutdown socket on address [localhost] and port [8005] (base port [8005] and offset [0])
	java.net.BindException: Address already in use: JVM_Bind
		at java.net.DualStackPlainSocketImpl.bind0(Native Method)
		at java.net.DualStackPlainSocketImpl.socketBind(DualStackPlainSocketImpl.java:106)
		at java.net.AbstractPlainSocketImpl.bind(AbstractPlainSocketImpl.java:387)
		at java.net.PlainSocketImpl.bind(PlainSocketImpl.java:190)
		at java.net.ServerSocket.bind(ServerSocket.java:375)
		at java.net.ServerSocket.<init>(ServerSocket.java:237)
		at org.apache.catalina.core.StandardServer.await(StandardServer.java:584)
		at org.apache.catalina.startup.Catalina.await(Catalina.java:721)
		at org.apache.catalina.startup.Catalina.start(Catalina.java:667)
		at sun.reflect.NativeMethodAccessorImpl.invoke0(Native Method)
		at sun.reflect.NativeMethodAccessorImpl.invoke(NativeMethodAccessorImpl.java:62)
		at sun.reflect.DelegatingMethodAccessorImpl.invoke(DelegatingMethodAccessorImpl.java:43)
		at java.lang.reflect.Method.invoke(Method.java:498)
		at org.apache.catalina.startup.Bootstrap.start(Bootstrap.java:343)
		at org.apache.catalina.startup.Bootstrap.main(Bootstrap.java:474)
06-May-2020 22:28:11.178 信息 [main] org.apache.coyote.AbstractProtocol.pause Pausing ProtocolHandler ["http-nio-8080"]
06-May-2020 22:28:11.194 信息 [main] org.apache.catalina.core.StandardService.stopInternal 正在停止服务[Catalina]
06-May-2020 22:28:11.241 信息 [main] org.apache.coyote.AbstractProtocol.stop 正在停止ProtocolHandler ["http-nio-8080"]
06-May-2020 22:28:11.241 信息 [main] org.apache.coyote.AbstractProtocol.destroy 正在摧毁协议处理器 ["http-nio-8080"]
06-May-2020 22:44:48.098 信息 [main] org.apache.catalina.startup.VersionLoggerListener.log Server.服务器版本:     Apache Tomcat/9.0.34
06-May-2020 22:44:48.113 信息 [main] org.apache.catalina.startup.VersionLoggerListener.log 服务器构建:            Apr 3 2020 12:02:52 UTC
06-May-2020 22:44:48.113 信息 [main] org.apache.catalina.startup.VersionLoggerListener.log 服务器版本号(：9.0.34.0
06-May-2020 22:44:48.113 信息 [main] org.apache.catalina.startup.VersionLoggerListener.log OS Name:               Windows 10
06-May-2020 22:44:48.113 信息 [main] org.apache.catalina.startup.VersionLoggerListener.log OS.版本:               10.0
06-May-2020 22:44:48.113 信息 [main] org.apache.catalina.startup.VersionLoggerListener.log 架构:                  amd64
06-May-2020 22:44:48.113 信息 [main] org.apache.catalina.startup.VersionLoggerListener.log Java 环境变量:         C:\Program Files\Java\jdk1.8.0_251\jre
06-May-2020 22:44:48.113 信息 [main] org.apache.catalina.startup.VersionLoggerListener.log JVM 版本:              1.8.0_251-b08
06-May-2020 22:44:48.113 信息 [main] org.apache.catalina.startup.VersionLoggerListener.log JVM.供应商:            Oracle Corporation
06-May-2020 22:44:48.113 信息 [main] org.apache.catalina.startup.VersionLoggerListener.log CATALINA_BASE：[D:\apache-tomcat-9.0.34]
06-May-2020 22:44:48.113 信息 [main] org.apache.catalina.startup.VersionLoggerListener.log CATALINA_HOME:         D:\apache-tomcat-9.0.34
06-May-2020 22:44:48.113 信息 [main] org.apache.catalina.startup.VersionLoggerListener.log 命令行参数：[-Djava.util.logging.config.file=D:\apache-tomcat-9.0.34\conf\logging.properties]
06-May-2020 22:44:48.113 信息 [main] org.apache.catalina.startup.VersionLoggerListener.log 命令行参数：[-Djava.util.logging.manager=org.apache.juli.ClassLoaderLogManager]
06-May-2020 22:44:48.113 信息 [main] org.apache.catalina.startup.VersionLoggerListener.log 命令行参数：[-Djdk.tls.ephemeralDHKeySize=2048]
06-May-2020 22:44:48.113 信息 [main] org.apache.catalina.startup.VersionLoggerListener.log 命令行参数：[-Djava.protocol.handler.pkgs=org.apache.catalina.webresources]
06-May-2020 22:44:48.113 信息 [main] org.apache.catalina.startup.VersionLoggerListener.log 命令行参数：[-Dignore.endorsed.dirs=]
06-May-2020 22:44:48.113 信息 [main] org.apache.catalina.startup.VersionLoggerListener.log 命令行参数：[-Dcatalina.base=D:\apache-tomcat-9.0.34]
06-May-2020 22:44:48.145 信息 [main] org.apache.catalina.startup.VersionLoggerListener.log 命令行参数：[-Dcatalina.home=D:\apache-tomcat-9.0.34]
06-May-2020 22:44:48.145 信息 [main] org.apache.catalina.startup.VersionLoggerListener.log 命令行参数：[-Djava.io.tmpdir=D:\apache-tomcat-9.0.34\temp]
06-May-2020 22:44:48.145 信息 [main] org.apache.catalina.core.AprLifecycleListener.lifecycleEvent The APR based Apache Tomcat Native library which allows optimal performance in production environments was not found on the java.library.path: [C:\Program Files\Java\jdk1.8.0_251\bin;C:\Windows\Sun\Java\bin;C:\Windows\system32;C:\Windows;C:\Program Files\Microsoft MPI\Bin\;C:\Program Files (x86)\Common Files\Oracle\Java\javapath;C:\Windows\system32;C:\Windows;C:\Windows\System32\Wbem;C:\Windows\System32\WindowsPowerShell\v1.0\;C:\Windows\System32\OpenSSH\;C:\Program Files (x86)\Microsoft SQL Server\130\DTS\Binn\;C:\Program Files\Microsoft SQL Server\130\DTS\Binn\;C:\Program Files\Microsoft SQL Server\Client SDK\ODBC\130\Tools\Binn\;C:\Program Files (x86)\Microsoft SQL Server\130\Tools\Binn\;C:\Program Files\Microsoft SQL Server\130\Tools\Binn\;"C:\Program Files\Java\jdk1.8.0_251\bin;C:\Program Files\Java\jdk1.8.0_251\jre\bin;D:\apache-tomcat-9.0.34\bin;D:\apache-tomcat-9.0.34\bin";C:\Users\29233\AppData\Local\Microsoft\WindowsApps;C:\AppServ\MySQL\bin;C:\Users\29233\AppData\Local\GitHubDesktop\bin;C:\ProgramData\29233\atom\bin;.]
06-May-2020 22:44:48.537 信息 [main] org.apache.coyote.AbstractProtocol.init 初始化协议处理器 ["http-nio-8080"]
06-May-2020 22:44:48.890 信息 [main] org.apache.catalina.startup.Catalina.load 服务器在[1,069]毫秒内初始化
06-May-2020 22:44:48.921 信息 [main] org.apache.catalina.core.StandardService.startInternal Starting service [Catalina]
06-May-2020 22:44:48.921 信息 [main] org.apache.catalina.core.StandardEngine.startInternal 正在启动 Servlet 引擎：[Apache Tomcat/9.0.34]
06-May-2020 22:44:48.952 信息 [main] org.apache.catalina.startup.HostConfig.deployWAR Deploying web application archive [D:\apache-tomcat-9.0.34\webapps\unnamed.war]
06-May-2020 22:44:51.910 信息 [main] org.apache.jasper.servlet.TldScanner.scanJars 至少有一个JAR被扫描用于TLD但尚未包含TLD。 为此记录器启用调试日志记录，以获取已扫描但未在其中找到TLD的完整JAR列表。 在扫描期间跳过不需要的JAR可以缩短启动时间和JSP编译时间。
06-May-2020 22:44:54.695 信息 [main] org.apache.catalina.startup.HostConfig.deployWAR Deployment of web application archive [D:\apache-tomcat-9.0.34\webapps\unnamed.war] has finished in [5,743] ms
06-May-2020 22:44:54.695 信息 [main] org.apache.catalina.startup.HostConfig.deployDirectory 把web 应用程序部署到目录 [D:\apache-tomcat-9.0.34\webapps\docs]
06-May-2020 22:44:54.726 信息 [main] org.apache.catalina.startup.HostConfig.deployDirectory Deployment of web application directory [D:\apache-tomcat-9.0.34\webapps\docs] has finished in [31] ms
06-May-2020 22:44:54.726 信息 [main] org.apache.catalina.startup.HostConfig.deployDirectory 把web 应用程序部署到目录 [D:\apache-tomcat-9.0.34\webapps\examples]
06-May-2020 22:44:54.953 信息 [main] org.apache.catalina.startup.HostConfig.deployDirectory Deployment of web application directory [D:\apache-tomcat-9.0.34\webapps\examples] has finished in [227] ms
06-May-2020 22:44:54.953 信息 [main] org.apache.catalina.startup.HostConfig.deployDirectory 把web 应用程序部署到目录 [D:\apache-tomcat-9.0.34\webapps\host-manager]
06-May-2020 22:44:55.000 信息 [main] org.apache.catalina.startup.HostConfig.deployDirectory Deployment of web application directory [D:\apache-tomcat-9.0.34\webapps\host-manager] has finished in [47] ms
06-May-2020 22:44:55.000 信息 [main] org.apache.catalina.startup.HostConfig.deployDirectory 把web 应用程序部署到目录 [D:\apache-tomcat-9.0.34\webapps\manager]
06-May-2020 22:44:55.047 信息 [main] org.apache.catalina.startup.HostConfig.deployDirectory Deployment of web application directory [D:\apache-tomcat-9.0.34\webapps\manager] has finished in [47] ms
06-May-2020 22:44:55.047 信息 [main] org.apache.catalina.startup.HostConfig.deployDirectory 把web 应用程序部署到目录 [D:\apache-tomcat-9.0.34\webapps\ROOT]
06-May-2020 22:44:55.078 信息 [main] org.apache.catalina.startup.HostConfig.deployDirectory Deployment of web application directory [D:\apache-tomcat-9.0.34\webapps\ROOT] has finished in [31] ms
06-May-2020 22:44:55.078 信息 [main] org.apache.coyote.AbstractProtocol.start 开始协议处理句柄["http-nio-8080"]
06-May-2020 22:44:55.094 信息 [main] org.apache.catalina.startup.Catalina.start Server startup in [6,203] milliseconds
