18-May-2020 21:27:27.164 信息 [main] org.apache.catalina.startup.VersionLoggerListener.log Server.服务器版本:     Apache Tomcat/9.0.34
18-May-2020 21:27:27.174 信息 [main] org.apache.catalina.startup.VersionLoggerListener.log 服务器构建:            Apr 3 2020 12:02:52 UTC
18-May-2020 21:27:27.175 信息 [main] org.apache.catalina.startup.VersionLoggerListener.log 服务器版本号(：9.0.34.0
18-May-2020 21:27:27.177 信息 [main] org.apache.catalina.startup.VersionLoggerListener.log OS Name:               Windows 10
18-May-2020 21:27:27.177 信息 [main] org.apache.catalina.startup.VersionLoggerListener.log OS.版本:               10.0
18-May-2020 21:27:27.177 信息 [main] org.apache.catalina.startup.VersionLoggerListener.log 架构:                  amd64
18-May-2020 21:27:27.178 信息 [main] org.apache.catalina.startup.VersionLoggerListener.log Java 环境变量:         C:\Program Files\Java\jdk1.8.0_251\jre
18-May-2020 21:27:27.179 信息 [main] org.apache.catalina.startup.VersionLoggerListener.log JVM 版本:              1.8.0_251-b08
18-May-2020 21:27:27.179 信息 [main] org.apache.catalina.startup.VersionLoggerListener.log JVM.供应商:            Oracle Corporation
18-May-2020 21:27:27.179 信息 [main] org.apache.catalina.startup.VersionLoggerListener.log CATALINA_BASE：[D:\apache-tomcat-9.0.34]
18-May-2020 21:27:27.179 信息 [main] org.apache.catalina.startup.VersionLoggerListener.log CATALINA_HOME:         D:\apache-tomcat-9.0.34
18-May-2020 21:27:27.180 信息 [main] org.apache.catalina.startup.VersionLoggerListener.log 命令行参数：[-Djava.util.logging.config.file=D:\apache-tomcat-9.0.34\conf\logging.properties]
18-May-2020 21:27:27.181 信息 [main] org.apache.catalina.startup.VersionLoggerListener.log 命令行参数：[-Djava.util.logging.manager=org.apache.juli.ClassLoaderLogManager]
18-May-2020 21:27:27.181 信息 [main] org.apache.catalina.startup.VersionLoggerListener.log 命令行参数：[-Djdk.tls.ephemeralDHKeySize=2048]
18-May-2020 21:27:27.182 信息 [main] org.apache.catalina.startup.VersionLoggerListener.log 命令行参数：[-Djava.protocol.handler.pkgs=org.apache.catalina.webresources]
18-May-2020 21:27:27.183 信息 [main] org.apache.catalina.startup.VersionLoggerListener.log 命令行参数：[-Dignore.endorsed.dirs=]
18-May-2020 21:27:27.211 信息 [main] org.apache.catalina.startup.VersionLoggerListener.log 命令行参数：[-Dcatalina.base=D:\apache-tomcat-9.0.34]
18-May-2020 21:27:27.212 信息 [main] org.apache.catalina.startup.VersionLoggerListener.log 命令行参数：[-Dcatalina.home=D:\apache-tomcat-9.0.34]
18-May-2020 21:27:27.214 信息 [main] org.apache.catalina.startup.VersionLoggerListener.log 命令行参数：[-Djava.io.tmpdir=D:\apache-tomcat-9.0.34\temp]
18-May-2020 21:27:27.215 信息 [main] org.apache.catalina.core.AprLifecycleListener.lifecycleEvent The APR based Apache Tomcat Native library which allows optimal performance in production environments was not found on the java.library.path: [C:\Program Files\Java\jdk1.8.0_251\bin;C:\Windows\Sun\Java\bin;C:\Windows\system32;C:\Windows;C:\Program Files\Microsoft MPI\Bin\;C:\Program Files (x86)\Common Files\Oracle\Java\javapath;C:\Windows\system32;C:\Windows;C:\Windows\System32\Wbem;C:\Windows\System32\WindowsPowerShell\v1.0\;C:\Windows\System32\OpenSSH\;C:\Program Files (x86)\Microsoft SQL Server\130\DTS\Binn\;C:\Program Files\Microsoft SQL Server\130\DTS\Binn\;C:\Program Files\Microsoft SQL Server\Client SDK\ODBC\130\Tools\Binn\;C:\Program Files (x86)\Microsoft SQL Server\130\Tools\Binn\;C:\Program Files\Microsoft SQL Server\130\Tools\Binn\;"C:\Program Files\Java\jdk1.8.0_251\bin;C:\Program Files\Java\jdk1.8.0_251\jre\bin;D:\apache-tomcat-9.0.34\bin;D:\apache-tomcat-9.0.34\bin";C:\Program Files (x86)\Microsoft SQL Server\Client SDK\ODBC\130\Tools\Binn\;C:\Program Files (x86)\Microsoft SQL Server\130\Tools\Binn\ManagementStudio\;C:\Program Files\nodejs\;C:\Users\29233\AppData\Local\Microsoft\WindowsApps;C:\Users\29233\AppData\Local\GitHubDesktop\bin;C:\ProgramData\29233\atom\bin;D:\CLion 2020.1.1\bin;;D:\AppServ\Apache2.2\bin;D:\AppServ\php5;D:\AppServ\MySQL\bin;C:\AppServ\Apache2.2\bin;C:\AppServ\php5;C:\AppServ\MySQL\bin;C:\Users\29233\AppData\Roaming\npm;.]
18-May-2020 21:27:27.704 信息 [main] org.apache.coyote.AbstractProtocol.init 初始化协议处理器 ["http-nio-8080"]
18-May-2020 21:27:27.951 信息 [main] org.apache.catalina.startup.Catalina.load 服务器在[1,150]毫秒内初始化
18-May-2020 21:27:27.991 信息 [main] org.apache.catalina.core.StandardService.startInternal Starting service [Catalina]
18-May-2020 21:27:27.992 信息 [main] org.apache.catalina.core.StandardEngine.startInternal 正在启动 Servlet 引擎：[Apache Tomcat/9.0.34]
18-May-2020 21:27:28.006 信息 [main] org.apache.catalina.startup.HostConfig.deployDirectory 把web 应用程序部署到目录 [D:\apache-tomcat-9.0.34\webapps\aa]
18-May-2020 21:27:28.334 信息 [main] org.apache.catalina.startup.HostConfig.deployDirectory Deployment of web application directory [D:\apache-tomcat-9.0.34\webapps\aa] has finished in [328] ms
18-May-2020 21:27:28.338 信息 [main] org.apache.catalina.startup.HostConfig.deployDirectory 把web 应用程序部署到目录 [D:\apache-tomcat-9.0.34\webapps\docs]
18-May-2020 21:27:28.377 信息 [main] org.apache.catalina.startup.HostConfig.deployDirectory Deployment of web application directory [D:\apache-tomcat-9.0.34\webapps\docs] has finished in [40] ms
18-May-2020 21:27:28.378 信息 [main] org.apache.catalina.startup.HostConfig.deployDirectory 把web 应用程序部署到目录 [D:\apache-tomcat-9.0.34\webapps\examples]
18-May-2020 21:27:28.810 信息 [main] org.apache.catalina.startup.HostConfig.deployDirectory Deployment of web application directory [D:\apache-tomcat-9.0.34\webapps\examples] has finished in [432] ms
18-May-2020 21:27:28.811 信息 [main] org.apache.catalina.startup.HostConfig.deployDirectory 把web 应用程序部署到目录 [D:\apache-tomcat-9.0.34\webapps\host-manager]
18-May-2020 21:27:28.853 信息 [main] org.apache.catalina.startup.HostConfig.deployDirectory Deployment of web application directory [D:\apache-tomcat-9.0.34\webapps\host-manager] has finished in [42] ms
18-May-2020 21:27:28.854 信息 [main] org.apache.catalina.startup.HostConfig.deployDirectory 把web 应用程序部署到目录 [D:\apache-tomcat-9.0.34\webapps\manager]
18-May-2020 21:27:28.891 信息 [main] org.apache.catalina.startup.HostConfig.deployDirectory Deployment of web application directory [D:\apache-tomcat-9.0.34\webapps\manager] has finished in [36] ms
18-May-2020 21:27:28.891 信息 [main] org.apache.catalina.startup.HostConfig.deployDirectory 把web 应用程序部署到目录 [D:\apache-tomcat-9.0.34\webapps\ROOT]
18-May-2020 21:27:28.926 信息 [main] org.apache.catalina.startup.HostConfig.deployDirectory Deployment of web application directory [D:\apache-tomcat-9.0.34\webapps\ROOT] has finished in [35] ms
18-May-2020 21:27:28.934 信息 [main] org.apache.coyote.AbstractProtocol.start 开始协议处理句柄["http-nio-8080"]
18-May-2020 21:27:28.950 信息 [main] org.apache.catalina.startup.Catalina.start Server startup in [998] milliseconds
