30-May-2020 15:50:32.438 信息 [main] org.apache.catalina.startup.VersionLoggerListener.log Server.服务器版本:     Apache Tomcat/9.0.34
30-May-2020 15:50:32.446 信息 [main] org.apache.catalina.startup.VersionLoggerListener.log 服务器构建:            Apr 3 2020 12:02:52 UTC
30-May-2020 15:50:32.446 信息 [main] org.apache.catalina.startup.VersionLoggerListener.log 服务器版本号(：9.0.34.0
30-May-2020 15:50:32.448 信息 [main] org.apache.catalina.startup.VersionLoggerListener.log OS Name:               Windows 10
30-May-2020 15:50:32.448 信息 [main] org.apache.catalina.startup.VersionLoggerListener.log OS.版本:               10.0
30-May-2020 15:50:32.448 信息 [main] org.apache.catalina.startup.VersionLoggerListener.log 架构:                  amd64
30-May-2020 15:50:32.449 信息 [main] org.apache.catalina.startup.VersionLoggerListener.log Java 环境变量:         C:\Program Files\Java\jdk1.8.0_251\jre
30-May-2020 15:50:32.449 信息 [main] org.apache.catalina.startup.VersionLoggerListener.log JVM 版本:              1.8.0_251-b08
30-May-2020 15:50:32.450 信息 [main] org.apache.catalina.startup.VersionLoggerListener.log JVM.供应商:            Oracle Corporation
30-May-2020 15:50:32.450 信息 [main] org.apache.catalina.startup.VersionLoggerListener.log CATALINA_BASE：[D:\apache-tomcat-9.0.34]
30-May-2020 15:50:32.451 信息 [main] org.apache.catalina.startup.VersionLoggerListener.log CATALINA_HOME:         D:\apache-tomcat-9.0.34
30-May-2020 15:50:32.451 信息 [main] org.apache.catalina.startup.VersionLoggerListener.log 命令行参数：[-Djava.util.logging.config.file=D:\apache-tomcat-9.0.34\conf\logging.properties]
30-May-2020 15:50:32.452 信息 [main] org.apache.catalina.startup.VersionLoggerListener.log 命令行参数：[-Djava.util.logging.manager=org.apache.juli.ClassLoaderLogManager]
30-May-2020 15:50:32.452 信息 [main] org.apache.catalina.startup.VersionLoggerListener.log 命令行参数：[-Djdk.tls.ephemeralDHKeySize=2048]
30-May-2020 15:50:32.453 信息 [main] org.apache.catalina.startup.VersionLoggerListener.log 命令行参数：[-Djava.protocol.handler.pkgs=org.apache.catalina.webresources]
30-May-2020 15:50:32.454 信息 [main] org.apache.catalina.startup.VersionLoggerListener.log 命令行参数：[-Dignore.endorsed.dirs=]
30-May-2020 15:50:32.455 信息 [main] org.apache.catalina.startup.VersionLoggerListener.log 命令行参数：[-Dcatalina.base=D:\apache-tomcat-9.0.34]
30-May-2020 15:50:32.475 信息 [main] org.apache.catalina.startup.VersionLoggerListener.log 命令行参数：[-Dcatalina.home=D:\apache-tomcat-9.0.34]
30-May-2020 15:50:32.476 信息 [main] org.apache.catalina.startup.VersionLoggerListener.log 命令行参数：[-Djava.io.tmpdir=D:\apache-tomcat-9.0.34\temp]
30-May-2020 15:50:32.478 信息 [main] org.apache.catalina.core.AprLifecycleListener.lifecycleEvent The APR based Apache Tomcat Native library which allows optimal performance in production environments was not found on the java.library.path: [C:\Program Files\Java\jdk1.8.0_251\bin;C:\Windows\Sun\Java\bin;C:\Windows\system32;C:\Windows;C:\Program Files\Microsoft MPI\Bin\;C:\Program Files (x86)\Common Files\Oracle\Java\javapath;C:\Windows\system32;C:\Windows;C:\Windows\System32\Wbem;C:\Windows\System32\WindowsPowerShell\v1.0\;C:\Windows\System32\OpenSSH\;C:\Program Files (x86)\Microsoft SQL Server\130\DTS\Binn\;C:\Program Files\Microsoft SQL Server\130\DTS\Binn\;C:\Program Files\Microsoft SQL Server\Client SDK\ODBC\130\Tools\Binn\;C:\Program Files (x86)\Microsoft SQL Server\130\Tools\Binn\;C:\Program Files\Microsoft SQL Server\130\Tools\Binn\;"C:\Program Files\Java\jdk1.8.0_251\bin;C:\Program Files\Java\jdk1.8.0_251\jre\bin;D:\apache-tomcat-9.0.34\bin;D:\apache-tomcat-9.0.34\bin";C:\Program Files (x86)\Microsoft SQL Server\Client SDK\ODBC\130\Tools\Binn\;C:\Program Files (x86)\Microsoft SQL Server\130\Tools\Binn\ManagementStudio\;C:\Program Files\nodejs\;C:\Users\29233\AppData\Local\Microsoft\WindowsApps;C:\Users\29233\AppData\Local\GitHubDesktop\bin;C:\ProgramData\29233\atom\bin;D:\CLion 2020.1.1\bin;D:\AppServ\Apache2.2\bin;D:\AppServ\php5;D:\AppServ\MySQL\bin;C:\AppServ\Apache2.2\bin;C:\AppServ\php5;C:\AppServ\MySQL\bin;C:\Users\29233\AppData\Roaming\npm;.]
30-May-2020 15:50:32.876 信息 [main] org.apache.coyote.AbstractProtocol.init 初始化协议处理器 ["http-nio-8080"]
30-May-2020 15:50:33.113 信息 [main] org.apache.catalina.startup.Catalina.load 服务器在[965]毫秒内初始化
30-May-2020 15:50:33.149 信息 [main] org.apache.catalina.core.StandardService.startInternal Starting service [Catalina]
30-May-2020 15:50:33.150 信息 [main] org.apache.catalina.core.StandardEngine.startInternal 正在启动 Servlet 引擎：[Apache Tomcat/9.0.34]
30-May-2020 15:50:33.166 信息 [main] org.apache.catalina.startup.HostConfig.deployDirectory 把web 应用程序部署到目录 [D:\apache-tomcat-9.0.34\webapps\aa]
30-May-2020 15:50:33.471 信息 [main] org.apache.catalina.startup.HostConfig.deployDirectory Deployment of web application directory [D:\apache-tomcat-9.0.34\webapps\aa] has finished in [305] ms
30-May-2020 15:50:33.474 信息 [main] org.apache.catalina.startup.HostConfig.deployDirectory 把web 应用程序部署到目录 [D:\apache-tomcat-9.0.34\webapps\docs]
30-May-2020 15:50:33.515 信息 [main] org.apache.catalina.startup.HostConfig.deployDirectory Deployment of web application directory [D:\apache-tomcat-9.0.34\webapps\docs] has finished in [40] ms
30-May-2020 15:50:33.515 信息 [main] org.apache.catalina.startup.HostConfig.deployDirectory 把web 应用程序部署到目录 [D:\apache-tomcat-9.0.34\webapps\examples]
30-May-2020 15:50:33.914 信息 [main] org.apache.catalina.startup.HostConfig.deployDirectory Deployment of web application directory [D:\apache-tomcat-9.0.34\webapps\examples] has finished in [399] ms
30-May-2020 15:50:33.915 信息 [main] org.apache.catalina.startup.HostConfig.deployDirectory 把web 应用程序部署到目录 [D:\apache-tomcat-9.0.34\webapps\host-manager]
30-May-2020 15:50:33.967 信息 [main] org.apache.catalina.startup.HostConfig.deployDirectory Deployment of web application directory [D:\apache-tomcat-9.0.34\webapps\host-manager] has finished in [53] ms
30-May-2020 15:50:33.968 信息 [main] org.apache.catalina.startup.HostConfig.deployDirectory 把web 应用程序部署到目录 [D:\apache-tomcat-9.0.34\webapps\ROOT]
30-May-2020 15:50:34.002 信息 [main] org.apache.catalina.startup.HostConfig.deployDirectory Deployment of web application directory [D:\apache-tomcat-9.0.34\webapps\ROOT] has finished in [34] ms
30-May-2020 15:50:34.004 信息 [main] org.apache.catalina.startup.HostConfig.deployDirectory 把web 应用程序部署到目录 [D:\apache-tomcat-9.0.34\webapps\router]
30-May-2020 15:50:34.045 信息 [main] org.apache.catalina.startup.HostConfig.deployDirectory Deployment of web application directory [D:\apache-tomcat-9.0.34\webapps\router] has finished in [42] ms
30-May-2020 15:50:34.055 信息 [main] org.apache.coyote.AbstractProtocol.start 开始协议处理句柄["http-nio-8080"]
30-May-2020 15:50:34.070 信息 [main] org.apache.catalina.startup.Catalina.start Server startup in [955] milliseconds
