07-May-2020 08:17:59.853 信息 [main] org.apache.catalina.startup.VersionLoggerListener.log Server.服务器版本:     Apache Tomcat/9.0.34
07-May-2020 08:17:59.868 信息 [main] org.apache.catalina.startup.VersionLoggerListener.log 服务器构建:            Apr 3 2020 12:02:52 UTC
07-May-2020 08:17:59.868 信息 [main] org.apache.catalina.startup.VersionLoggerListener.log 服务器版本号(：9.0.34.0
07-May-2020 08:17:59.868 信息 [main] org.apache.catalina.startup.VersionLoggerListener.log OS Name:               Windows 10
07-May-2020 08:17:59.868 信息 [main] org.apache.catalina.startup.VersionLoggerListener.log OS.版本:               10.0
07-May-2020 08:17:59.868 信息 [main] org.apache.catalina.startup.VersionLoggerListener.log 架构:                  amd64
07-May-2020 08:17:59.868 信息 [main] org.apache.catalina.startup.VersionLoggerListener.log Java 环境变量:         C:\Program Files\Java\jdk1.8.0_251\jre
07-May-2020 08:17:59.868 信息 [main] org.apache.catalina.startup.VersionLoggerListener.log JVM 版本:              1.8.0_251-b08
07-May-2020 08:17:59.868 信息 [main] org.apache.catalina.startup.VersionLoggerListener.log JVM.供应商:            Oracle Corporation
07-May-2020 08:17:59.868 信息 [main] org.apache.catalina.startup.VersionLoggerListener.log CATALINA_BASE：[D:\apache-tomcat-9.0.34]
07-May-2020 08:17:59.868 信息 [main] org.apache.catalina.startup.VersionLoggerListener.log CATALINA_HOME:         D:\apache-tomcat-9.0.34
07-May-2020 08:17:59.868 信息 [main] org.apache.catalina.startup.VersionLoggerListener.log 命令行参数：[-Djava.util.logging.config.file=D:\apache-tomcat-9.0.34\conf\logging.properties]
07-May-2020 08:17:59.868 信息 [main] org.apache.catalina.startup.VersionLoggerListener.log 命令行参数：[-Djava.util.logging.manager=org.apache.juli.ClassLoaderLogManager]
07-May-2020 08:17:59.868 信息 [main] org.apache.catalina.startup.VersionLoggerListener.log 命令行参数：[-Djdk.tls.ephemeralDHKeySize=2048]
07-May-2020 08:17:59.884 信息 [main] org.apache.catalina.startup.VersionLoggerListener.log 命令行参数：[-Djava.protocol.handler.pkgs=org.apache.catalina.webresources]
07-May-2020 08:17:59.915 信息 [main] org.apache.catalina.startup.VersionLoggerListener.log 命令行参数：[-Dignore.endorsed.dirs=]
07-May-2020 08:17:59.915 信息 [main] org.apache.catalina.startup.VersionLoggerListener.log 命令行参数：[-Dcatalina.base=D:\apache-tomcat-9.0.34]
07-May-2020 08:17:59.915 信息 [main] org.apache.catalina.startup.VersionLoggerListener.log 命令行参数：[-Dcatalina.home=D:\apache-tomcat-9.0.34]
07-May-2020 08:17:59.915 信息 [main] org.apache.catalina.startup.VersionLoggerListener.log 命令行参数：[-Djava.io.tmpdir=D:\apache-tomcat-9.0.34\temp]
07-May-2020 08:17:59.915 信息 [main] org.apache.catalina.core.AprLifecycleListener.lifecycleEvent The APR based Apache Tomcat Native library which allows optimal performance in production environments was not found on the java.library.path: [C:\Program Files\Java\jdk1.8.0_251\bin;C:\Windows\Sun\Java\bin;C:\Windows\system32;C:\Windows;C:\Program Files\Microsoft MPI\Bin\;C:\Program Files (x86)\Common Files\Oracle\Java\javapath;C:\Windows\system32;C:\Windows;C:\Windows\System32\Wbem;C:\Windows\System32\WindowsPowerShell\v1.0\;C:\Windows\System32\OpenSSH\;C:\Program Files (x86)\Microsoft SQL Server\130\DTS\Binn\;C:\Program Files\Microsoft SQL Server\130\DTS\Binn\;C:\Program Files\Microsoft SQL Server\Client SDK\ODBC\130\Tools\Binn\;C:\Program Files (x86)\Microsoft SQL Server\130\Tools\Binn\;C:\Program Files\Microsoft SQL Server\130\Tools\Binn\;"C:\Program Files\Java\jdk1.8.0_251\bin;C:\Program Files\Java\jdk1.8.0_251\jre\bin;D:\apache-tomcat-9.0.34\bin;D:\apache-tomcat-9.0.34\bin";C:\Users\29233\AppData\Local\Microsoft\WindowsApps;C:\AppServ\MySQL\bin;C:\Users\29233\AppData\Local\GitHubDesktop\bin;C:\ProgramData\29233\atom\bin;D:\CLion 2020.1.1\bin;;.]
07-May-2020 08:18:00.446 信息 [main] org.apache.coyote.AbstractProtocol.init 初始化协议处理器 ["http-nio-8080"]
07-May-2020 08:18:00.808 信息 [main] org.apache.catalina.startup.Catalina.load 服务器在[1,276]毫秒内初始化
07-May-2020 08:18:00.855 信息 [main] org.apache.catalina.core.StandardService.startInternal Starting service [Catalina]
07-May-2020 08:18:00.855 信息 [main] org.apache.catalina.core.StandardEngine.startInternal 正在启动 Servlet 引擎：[Apache Tomcat/9.0.34]
07-May-2020 08:18:00.887 信息 [main] org.apache.catalina.startup.HostConfig.deployWAR Deploying web application archive [D:\apache-tomcat-9.0.34\webapps\unnamed.war]
07-May-2020 08:18:04.167 信息 [main] org.apache.jasper.servlet.TldScanner.scanJars 至少有一个JAR被扫描用于TLD但尚未包含TLD。 为此记录器启用调试日志记录，以获取已扫描但未在其中找到TLD的完整JAR列表。 在扫描期间跳过不需要的JAR可以缩短启动时间和JSP编译时间。
07-May-2020 08:18:07.247 信息 [main] org.apache.catalina.startup.HostConfig.deployWAR Deployment of web application archive [D:\apache-tomcat-9.0.34\webapps\unnamed.war] has finished in [6,360] ms
07-May-2020 08:18:07.247 信息 [main] org.apache.catalina.startup.HostConfig.deployDirectory 把web 应用程序部署到目录 [D:\apache-tomcat-9.0.34\webapps\docs]
07-May-2020 08:18:07.294 信息 [main] org.apache.catalina.startup.HostConfig.deployDirectory Deployment of web application directory [D:\apache-tomcat-9.0.34\webapps\docs] has finished in [31] ms
07-May-2020 08:18:07.294 信息 [main] org.apache.catalina.startup.HostConfig.deployDirectory 把web 应用程序部署到目录 [D:\apache-tomcat-9.0.34\webapps\examples]
07-May-2020 08:18:07.575 信息 [main] org.apache.catalina.startup.HostConfig.deployDirectory Deployment of web application directory [D:\apache-tomcat-9.0.34\webapps\examples] has finished in [281] ms
07-May-2020 08:18:07.575 信息 [main] org.apache.catalina.startup.HostConfig.deployDirectory 把web 应用程序部署到目录 [D:\apache-tomcat-9.0.34\webapps\host-manager]
07-May-2020 08:18:07.622 信息 [main] org.apache.catalina.startup.HostConfig.deployDirectory Deployment of web application directory [D:\apache-tomcat-9.0.34\webapps\host-manager] has finished in [47] ms
07-May-2020 08:18:07.622 信息 [main] org.apache.catalina.startup.HostConfig.deployDirectory 把web 应用程序部署到目录 [D:\apache-tomcat-9.0.34\webapps\manager]
07-May-2020 08:18:07.669 信息 [main] org.apache.catalina.startup.HostConfig.deployDirectory Deployment of web application directory [D:\apache-tomcat-9.0.34\webapps\manager] has finished in [47] ms
07-May-2020 08:18:07.669 信息 [main] org.apache.catalina.startup.HostConfig.deployDirectory 把web 应用程序部署到目录 [D:\apache-tomcat-9.0.34\webapps\ROOT]
07-May-2020 08:18:07.700 信息 [main] org.apache.catalina.startup.HostConfig.deployDirectory Deployment of web application directory [D:\apache-tomcat-9.0.34\webapps\ROOT] has finished in [31] ms
07-May-2020 08:18:07.700 信息 [main] org.apache.coyote.AbstractProtocol.start 开始协议处理句柄["http-nio-8080"]
07-May-2020 08:18:07.716 信息 [main] org.apache.catalina.startup.Catalina.start Server startup in [6,910] milliseconds
